C:\Program Files (x86)\Microsoft Visual Studio\2017\Community\Common7\IDE\VC\VCTargets\Microsoft.CppBuild.targets(377,5): warning MSB8004: Output Directory does not end with a trailing slash.  This build instance will add the slash as it is required to allow proper evaluation of the Output Directory.
cl : Command line warning D9035: option 'Gm' has been deprecated and will be removed in a future release
  plugin_impl.cpp
c:\users\theoz\appdata\local\dewesoft extensions\library\include\coretypes\070000\coretype_traits.h(359): warning C4996: 'std::codecvt_utf8<wchar_t,1114111,0>': warning STL4017: std::wbuffer_convert, std::wstring_convert, and the <codecvt> header (containing std::codecvt_mode, std::codecvt_utf8, std::codecvt_utf16, and std::codecvt_utf8_utf16) are deprecated in C++17. (The std::codecvt class template is NOT deprecated.) The C++ Standard doesn't provide equivalent non-deprecated functionality; consider using MultiByteToWideChar() and WideCharToMultiByte() from <Windows.h> instead. You can define _SILENCE_CXX17_CODECVT_HEADER_DEPRECATION_WARNING or _SILENCE_ALL_CXX17_DEPRECATION_WARNINGS to acknowledge that you have received this warning.
  c:\users\theoz\appdata\local\dewesoft extensions\library\include\coretypes\070000\coretype_traits.h(359): note: see declaration of 'std::codecvt_utf8<wchar_t,1114111,0>'
c:\users\theoz\appdata\local\dewesoft extensions\library\include\coretypes\070000\coretype_traits.h(360): warning C4996: 'std::wstring_convert<convert_type,wchar_t,std::allocator<wchar_t>,std::allocator<char>>': warning STL4017: std::wbuffer_convert, std::wstring_convert, and the <codecvt> header (containing std::codecvt_mode, std::codecvt_utf8, std::codecvt_utf16, and std::codecvt_utf8_utf16) are deprecated in C++17. (The std::codecvt class template is NOT deprecated.) The C++ Standard doesn't provide equivalent non-deprecated functionality; consider using MultiByteToWideChar() and WideCharToMultiByte() from <Windows.h> instead. You can define _SILENCE_CXX17_CODECVT_HEADER_DEPRECATION_WARNING or _SILENCE_ALL_CXX17_DEPRECATION_WARNINGS to acknowledge that you have received this warning.
  c:\users\theoz\appdata\local\dewesoft extensions\library\include\coretypes\070000\coretype_traits.h(360): note: see declaration of 'std::wstring_convert<convert_type,wchar_t,std::allocator<wchar_t>,std::allocator<char>>'
c:\users\theoz\appdata\local\dewesoft extensions\library\include\coretypes\070000\coretype_traits.h(360): warning C4996: 'std::wstring_convert<convert_type,wchar_t,std::allocator<wchar_t>,std::allocator<char>>::wstring_convert': warning STL4017: std::wbuffer_convert, std::wstring_convert, and the <codecvt> header (containing std::codecvt_mode, std::codecvt_utf8, std::codecvt_utf16, and std::codecvt_utf8_utf16) are deprecated in C++17. (The std::codecvt class template is NOT deprecated.) The C++ Standard doesn't provide equivalent non-deprecated functionality; consider using MultiByteToWideChar() and WideCharToMultiByte() from <Windows.h> instead. You can define _SILENCE_CXX17_CODECVT_HEADER_DEPRECATION_WARNING or _SILENCE_ALL_CXX17_DEPRECATION_WARNINGS to acknowledge that you have received this warning.
  c:\program files (x86)\microsoft visual studio\2017\community\vc\tools\msvc\14.16.27023\include\xlocbuf(356): note: see declaration of 'std::wstring_convert<convert_type,wchar_t,std::allocator<wchar_t>,std::allocator<char>>::wstring_convert'
c:\users\theoz\appdata\local\dewesoft extensions\library\include\coretypes\070000\coretype_traits.h(362): warning C4996: 'std::wstring_convert<convert_type,wchar_t,std::allocator<wchar_t>,std::allocator<char>>::from_bytes': warning STL4017: std::wbuffer_convert, std::wstring_convert, and the <codecvt> header (containing std::codecvt_mode, std::codecvt_utf8, std::codecvt_utf16, and std::codecvt_utf8_utf16) are deprecated in C++17. (The std::codecvt class template is NOT deprecated.) The C++ Standard doesn't provide equivalent non-deprecated functionality; consider using MultiByteToWideChar() and WideCharToMultiByte() from <Windows.h> instead. You can define _SILENCE_CXX17_CODECVT_HEADER_DEPRECATION_WARNING or _SILENCE_ALL_CXX17_DEPRECATION_WARNINGS to acknowledge that you have received this warning.
  c:\program files (x86)\microsoft visual studio\2017\community\vc\tools\msvc\14.16.27023\include\xlocbuf(412): note: see declaration of 'std::wstring_convert<convert_type,wchar_t,std::allocator<wchar_t>,std::allocator<char>>::from_bytes'
c:\users\theoz\appdata\local\dewesoft extensions\library\include\coretypes\070000\coretype_traits.h(369): warning C4996: 'std::codecvt_utf8<wchar_t,1114111,0>': warning STL4017: std::wbuffer_convert, std::wstring_convert, and the <codecvt> header (containing std::codecvt_mode, std::codecvt_utf8, std::codecvt_utf16, and std::codecvt_utf8_utf16) are deprecated in C++17. (The std::codecvt class template is NOT deprecated.) The C++ Standard doesn't provide equivalent non-deprecated functionality; consider using MultiByteToWideChar() and WideCharToMultiByte() from <Windows.h> instead. You can define _SILENCE_CXX17_CODECVT_HEADER_DEPRECATION_WARNING or _SILENCE_ALL_CXX17_DEPRECATION_WARNINGS to acknowledge that you have received this warning.
  c:\users\theoz\appdata\local\dewesoft extensions\library\include\coretypes\070000\coretype_traits.h(359): note: see declaration of 'std::codecvt_utf8<wchar_t,1114111,0>'
c:\users\theoz\appdata\local\dewesoft extensions\library\include\coretypes\070000\coretype_traits.h(370): warning C4996: 'std::wstring_convert<convert_type,wchar_t,std::allocator<wchar_t>,std::allocator<char>>': warning STL4017: std::wbuffer_convert, std::wstring_convert, and the <codecvt> header (containing std::codecvt_mode, std::codecvt_utf8, std::codecvt_utf16, and std::codecvt_utf8_utf16) are deprecated in C++17. (The std::codecvt class template is NOT deprecated.) The C++ Standard doesn't provide equivalent non-deprecated functionality; consider using MultiByteToWideChar() and WideCharToMultiByte() from <Windows.h> instead. You can define _SILENCE_CXX17_CODECVT_HEADER_DEPRECATION_WARNING or _SILENCE_ALL_CXX17_DEPRECATION_WARNINGS to acknowledge that you have received this warning.
  c:\users\theoz\appdata\local\dewesoft extensions\library\include\coretypes\070000\coretype_traits.h(360): note: see declaration of 'std::wstring_convert<convert_type,wchar_t,std::allocator<wchar_t>,std::allocator<char>>'
c:\users\theoz\appdata\local\dewesoft extensions\library\include\coretypes\070000\coretype_traits.h(370): warning C4996: 'std::wstring_convert<convert_type,wchar_t,std::allocator<wchar_t>,std::allocator<char>>::wstring_convert': warning STL4017: std::wbuffer_convert, std::wstring_convert, and the <codecvt> header (containing std::codecvt_mode, std::codecvt_utf8, std::codecvt_utf16, and std::codecvt_utf8_utf16) are deprecated in C++17. (The std::codecvt class template is NOT deprecated.) The C++ Standard doesn't provide equivalent non-deprecated functionality; consider using MultiByteToWideChar() and WideCharToMultiByte() from <Windows.h> instead. You can define _SILENCE_CXX17_CODECVT_HEADER_DEPRECATION_WARNING or _SILENCE_ALL_CXX17_DEPRECATION_WARNINGS to acknowledge that you have received this warning.
  c:\program files (x86)\microsoft visual studio\2017\community\vc\tools\msvc\14.16.27023\include\xlocbuf(356): note: see declaration of 'std::wstring_convert<convert_type,wchar_t,std::allocator<wchar_t>,std::allocator<char>>::wstring_convert'
c:\users\theoz\appdata\local\dewesoft extensions\library\include\coretypes\070000\coretype_traits.h(373): warning C4996: 'std::wstring_convert<convert_type,wchar_t,std::allocator<wchar_t>,std::allocator<char>>::to_bytes': warning STL4017: std::wbuffer_convert, std::wstring_convert, and the <codecvt> header (containing std::codecvt_mode, std::codecvt_utf8, std::codecvt_utf16, and std::codecvt_utf8_utf16) are deprecated in C++17. (The std::codecvt class template is NOT deprecated.) The C++ Standard doesn't provide equivalent non-deprecated functionality; consider using MultiByteToWideChar() and WideCharToMultiByte() from <Windows.h> instead. You can define _SILENCE_CXX17_CODECVT_HEADER_DEPRECATION_WARNING or _SILENCE_ALL_CXX17_DEPRECATION_WARNINGS to acknowledge that you have received this warning.
  c:\program files (x86)\microsoft visual studio\2017\community\vc\tools\msvc\14.16.27023\include\xlocbuf(478): note: see declaration of 'std::wstring_convert<convert_type,wchar_t,std::allocator<wchar_t>,std::allocator<char>>::to_bytes'
  Generating Code...
  Skipping... (no relevant changes detected)
  setup_window.cpp
  settings_window.cpp
  plugin_info.cpp
  dllmain.cpp
  dewesoft_bridge.cpp
  Embedding MUI resources.
HTTPRequestsPluginLib.lib(sine_generator.obj) : warning LNK4075: ignoring '/EDITANDCONTINUE' due to '/INCREMENTAL:NO' specification
     Creating library x64\Debug\Intermediate\HTTPRequestsPlugin64.lib and object x64\Debug\Intermediate\HTTPRequestsPlugin64.exp
MSVCRTD.lib(initializers.obj) : warning LNK4098: defaultlib 'msvcrt.lib' conflicts with use of other libs; use /NODEFAULTLIB:library
  HTTPRequestsPlugin.vcxproj -> C:\Program Files\DewesoftX\Bin64\Addons64\HTTPRequestsPlugin64.dll
